0 info it worked if it ends with ok
1 verbose cli [ 'C:\\Program Files\\nodejs\\node.exe',
1 verbose cli   'C:\\Program Files\\nodejs\\node_modules\\npm\\bin\\npm-cli.js',
1 verbose cli   'install',
1 verbose cli   'nodemeon',
1 verbose cli   '--save-dev' ]
2 info using npm@2.14.20
3 info using node@v4.4.0
4 verbose install initial load of C:\Users\Yurasya\Desktop\AngularJS\MEAN stack projects\user-logn2\package.json
5 warn package.json user-logn2@1.0.0 No description
6 warn package.json user-logn2@1.0.0 No repository field.
7 warn package.json user-logn2@1.0.0 No README data
8 verbose installManyTop reading scoped package data from C:\Users\Yurasya\Desktop\AngularJS\MEAN stack projects\user-logn2\node_modules\body-parser\package.json
9 verbose installManyTop reading scoped package data from C:\Users\Yurasya\Desktop\AngularJS\MEAN stack projects\user-logn2\node_modules\connect-multiparty\package.json
10 verbose installManyTop reading scoped package data from C:\Users\Yurasya\Desktop\AngularJS\MEAN stack projects\user-logn2\node_modules\express\package.json
11 verbose installManyTop reading scoped package data from C:\Users\Yurasya\Desktop\AngularJS\MEAN stack projects\user-logn2\node_modules\fs-extra\package.json
12 verbose installManyTop reading scoped package data from C:\Users\Yurasya\Desktop\AngularJS\MEAN stack projects\user-logn2\node_modules\mongoose\package.json
13 verbose installManyTop reading scoped package data from C:\Users\Yurasya\Desktop\AngularJS\MEAN stack projects\user-logn2\node_modules\ng-file-upload\package.json
14 verbose readDependencies loading dependencies from C:\Users\Yurasya\Desktop\AngularJS\MEAN stack projects\user-logn2\package.json
15 silly cache add args [ 'nodemeon', null ]
16 verbose cache add spec nodemeon
17 silly cache add parsed spec Result {
17 silly cache add   raw: 'nodemeon',
17 silly cache add   scope: null,
17 silly cache add   name: 'nodemeon',
17 silly cache add   rawSpec: '',
17 silly cache add   spec: 'latest',
17 silly cache add   type: 'tag' }
18 silly addNamed nodemeon@latest
19 verbose addNamed "latest" is being treated as a dist-tag for nodemeon
20 info addNameTag [ 'nodemeon', 'latest' ]
21 silly mapToRegistry name nodemeon
22 silly mapToRegistry using default registry
23 silly mapToRegistry registry https://registry.npmjs.org/
24 silly mapToRegistry uri https://registry.npmjs.org/nodemeon
25 verbose addNameTag registry:https://registry.npmjs.org/nodemeon not in flight; fetching
26 verbose request uri https://registry.npmjs.org/nodemeon
27 verbose request no auth needed
28 info attempt registry request try #1 at 1:15:40 AM
29 verbose request id 2eeb9fd975e8a6f5
30 http request GET https://registry.npmjs.org/nodemeon
31 http 404 https://registry.npmjs.org/nodemeon
32 verbose headers { 'content-type': 'application/json',
32 verbose headers   'cache-control': 'max-age=0',
32 verbose headers   'content-length': '2',
32 verbose headers   'accept-ranges': 'bytes',
32 verbose headers   date: 'Tue, 31 May 2016 22:15:42 GMT',
32 verbose headers   via: '1.1 varnish',
32 verbose headers   age: '0',
32 verbose headers   connection: 'keep-alive',
32 verbose headers   'x-served-by': 'cache-fra1226-FRA',
32 verbose headers   'x-cache': 'MISS',
32 verbose headers   'x-cache-hits': '0',
32 verbose headers   'x-timer': 'S1464732942.682504,VS0,VE125',
32 verbose headers   vary: 'Accept-Encoding' }
33 silly get cb [ 404,
33 silly get   { 'content-type': 'application/json',
33 silly get     'cache-control': 'max-age=0',
33 silly get     'content-length': '2',
33 silly get     'accept-ranges': 'bytes',
33 silly get     date: 'Tue, 31 May 2016 22:15:42 GMT',
33 silly get     via: '1.1 varnish',
33 silly get     age: '0',
33 silly get     connection: 'keep-alive',
33 silly get     'x-served-by': 'cache-fra1226-FRA',
33 silly get     'x-cache': 'MISS',
33 silly get     'x-cache-hits': '0',
33 silly get     'x-timer': 'S1464732942.682504,VS0,VE125',
33 silly get     vary: 'Accept-Encoding' } ]
34 verbose stack Error: Registry returned 404 for GET on https://registry.npmjs.org/nodemeon
34 verbose stack     at makeError (C:\Program Files\nodejs\node_modules\npm\node_modules\npm-registry-client\lib\request.js:264:12)
34 verbose stack     at CachingRegistryClient.<anonymous> (C:\Program Files\nodejs\node_modules\npm\node_modules\npm-registry-client\lib\request.js:242:14)
34 verbose stack     at Request._callback (C:\Program Files\nodejs\node_modules\npm\node_modules\npm-registry-client\lib\request.js:172:14)
34 verbose stack     at Request.self.callback (C:\Program Files\nodejs\node_modules\npm\node_modules\request\request.js:199:22)
34 verbose stack     at emitTwo (events.js:87:13)
34 verbose stack     at Request.emit (events.js:172:7)
34 verbose stack     at Request.<anonymous> (C:\Program Files\nodejs\node_modules\npm\node_modules\request\request.js:1036:10)
34 verbose stack     at emitOne (events.js:82:20)
34 verbose stack     at Request.emit (events.js:169:7)
34 verbose stack     at IncomingMessage.<anonymous> (C:\Program Files\nodejs\node_modules\npm\node_modules\request\request.js:963:12)
35 verbose statusCode 404
36 verbose pkgid nodemeon
37 verbose cwd C:\Users\Yurasya\Desktop\AngularJS\MEAN stack projects\user-logn2
38 error Windows_NT 6.3.9600
39 error argv "C:\\Program Files\\nodejs\\node.exe" "C:\\Program Files\\nodejs\\node_modules\\npm\\bin\\npm-cli.js" "install" "nodemeon" "--save-dev"
40 error node v4.4.0
41 error npm  v2.14.20
42 error code E404
43 error 404 Registry returned 404 for GET on https://registry.npmjs.org/nodemeon
43 error 404
43 error 404 'nodemeon' is not in the npm registry.
43 error 404 You should bug the author to publish it (or use the name yourself!)
43 error 404 It was specified as a dependency of 'user-logn2'
43 error 404
43 error 404 Note that you can also install from a
43 error 404 tarball, folder, http url, or git url.
44 verbose exit [ 1, true ]
